<?xml version="1.0" encoding="UTF-8"?>
<testng-results ignored="0" total="1" passed="1" failed="0" skipped="0">
  <reporter-output>
  </reporter-output>
  <suite started-at="2025-04-04T11:58:25 CST" name="Default suite" finished-at="2025-04-04T11:58:36 CST" duration-ms="11282">
    <groups>
    </groups>
    <test started-at="2025-04-04T11:58:25 CST" name="Default test" finished-at="2025-04-04T11:58:36 CST" duration-ms="11282">
      <class name="automation.mavenProject.Cj">
        <test-method is-config="true" signature="SetUp()[pri:0, instance:automation.mavenProject.Cj@1e66f1f5]" started-at="2025-04-04T11:58:25 CST" name="SetUp" finished-at="2025-04-04T11:58:29 CST" duration-ms="4570" status="PASS">
          <reporter-output>
          </reporter-output>
        </test-method> <!-- SetUp -->
        <test-method signature="Login()[pri:0, instance:automation.mavenProject.Cj@1e66f1f5]" started-at="2025-04-04T11:58:30 CST" name="Login" finished-at="2025-04-04T11:58:35 CST" duration-ms="5677" status="PASS">
          <reporter-output>
          </reporter-output>
        </test-method> <!-- Login -->
        <test-method is-config="true" signature="TearDown()[pri:0, instance:automation.mavenProject.Cj@1e66f1f5]" started-at="2025-04-04T11:58:35 CST" name="TearDown" finished-at="2025-04-04T11:58:36 CST" duration-ms="968" status="PASS">
          <reporter-output>
          </reporter-output>
        </test-method> <!-- TearDown -->
      </class> <!-- automation.mavenProject.Cj -->
    </test> <!-- Default test -->
  </suite> <!-- Default suite -->
</testng-results>
