<?xml version="1.0" encoding="UTF-8"?>
<testng-results ignored="0" total="1" passed="1" failed="0" skipped="0">
  <reporter-output>
  </reporter-output>
  <suite started-at="2025-04-27T11:54:03 CST" name="regression" finished-at="2025-04-27T11:54:32 CST" duration-ms="28581">
    <groups>
    </groups>
    <test started-at="2025-04-27T11:54:03 CST" name="exampletest1" finished-at="2025-04-27T11:54:32 CST" duration-ms="28581">
      <class name="automation.mavenProject.Cj">
        <test-method is-config="true" signature="SetUp()[pri:0, instance:automation.mavenProject.Cj@2e377400]" started-at="2025-04-27T11:54:03 CST" name="SetUp" finished-at="2025-04-27T11:54:08 CST" duration-ms="4718" status="PASS">
          <reporter-output>
          </reporter-output>
        </test-method> <!-- SetUp -->
        <test-method signature="Login()[pri:0, instance:automation.mavenProject.Cj@2e377400]" started-at="2025-04-27T11:54:08 CST" name="Login" finished-at="2025-04-27T11:54:32 CST" duration-ms="23788" status="PASS">
          <reporter-output>
          </reporter-output>
        </test-method> <!-- Login -->
        <test-method is-config="true" signature="TearDown()[pri:0, instance:automation.mavenProject.Cj@2e377400]" started-at="2025-04-27T11:54:32 CST" name="TearDown" finished-at="2025-04-27T11:54:32 CST" duration-ms="0" status="PASS">
          <reporter-output>
          </reporter-output>
        </test-method> <!-- TearDown -->
      </class> <!-- automation.mavenProject.Cj -->
    </test> <!-- exampletest1 -->
  </suite> <!-- regression -->
</testng-results>
